#
# There is insufficient memory for the Java Runtime Environment to continue.
# Native memory allocation (mmap) failed to map 67108864 bytes for Failed to commit area from 0x00000000c1400000 to 0x00000000c5400000 of length 67108864.
# Possible reasons:
#   The system is out of physical RAM or swap space
#   The process is running with CompressedOops enabled, and the Java Heap may be blocking the growth of the native heap
# Possible solutions:
#   Reduce memory load on the system
#   Increase physical memory or swap space
#   Check if swap backing store is full
#   Decrease Java heap size (-Xmx/-Xms)
#   Decrease number of Java threads
#   Decrease Java thread stack sizes (-Xss)
#   Set larger code cache with -XX:ReservedCodeCacheSize=
# This output file may be truncated or incomplete.
#
#  Out of Memory Error (./src/hotspot/os/windows/os_windows.cpp:3619), pid=8764, tid=4664
#
# JRE version:  (11.0.13+7) (build )
# Java VM: OpenJDK 64-Bit Server VM (11.0.13+7-b1751.25, mixed mode, sharing, tiered, compressed oops, g1 gc, windows-amd64)
# No core dump will be written. Minidumps are not enabled by default on client versions of Windows
#

---------------  S U M M A R Y ------------

Command Line: git4idea.http.GitAskPassApp Username for 'https://github.com': 

Host: Intel(R) Core(TM) i5-5200U CPU @ 2.20GHz, 4 cores, 3G,  Windows 10 , 64 bit Build 19041 (10.0.19041.1806)
Time: Sat Aug 13 22:42:47 2022 New Zealand Standard Time elapsed time: 0.021810 seconds (0d 0h 0m 0s)

---------------  T H R E A D  ---------------

Current thread (0x0000019794e2e000):  JavaThread "Unknown thread" [_thread_in_vm, id=4664, stack(0x0000003ce3300000,0x0000003ce3400000)]

Stack: [0x0000003ce3300000,0x0000003ce3400000]
Native frames: (J=compiled Java code, j=interpreted, Vv=VM code, C=native code)
V  [jvm.dll+0x613daa]
V  [jvm.dll+0x799b30]
V  [jvm.dll+0x79b14d]
V  [jvm.dll+0x79b823]
V  [jvm.dll+0x24c958]
V  [jvm.dll+0x610e24]
V  [jvm.dll+0x605b25]
V  [jvm.dll+0x30aaab]
V  [jvm.dll+0x30aa1a]
V  [jvm.dll+0x30a8f2]
V  [jvm.dll+0x30f856]
V  [jvm.dll+0x359143]
V  [jvm.dll+0x359846]
V  [jvm.dll+0x359243]
V  [jvm.dll+0x2e57a8]
V  [jvm.dll+0x2e6947]
V  [jvm.dll+0x776d47]
V  [jvm.dll+0x77853c]
V  [jvm.dll+0x3666c9]
V  [jvm.dll+0x75a9ce]
V  [jvm.dll+0x3d47d3]
V  [jvm.dll+0x3d6d21]
C  [jli.dll+0x536b]
C  [ucrtbase.dll+0x21bb2]
C  [KERNEL32.DLL+0x17034]
C  [ntdll.dll+0x52651]


---------------  P R O C E S S  ---------------

Threads class SMR info:
_java_thread_list=0x0000019794d51bb0, length=0, elements={
}

Java Threads: ( => current thread )

Other Threads:
  0x0000019796fc8800 GCTaskThread "GC Thread#0" [stack: 0x0000003ce3400000,0x0000003ce3500000] [id=2944]
  0x0000019796fe2000 ConcurrentGCThread "G1 Main Marker" [stack: 0x0000003ce3500000,0x0000003ce3600000] [id=16440]
  0x0000019796fe3800 ConcurrentGCThread "G1 Conc#0" [stack: 0x0000003ce3600000,0x0000003ce3700000] [id=11128]

[error occurred during error reporting (printing all threads), id 0xc0000005, EXCEPTION_ACCESS_VIOLATION (0xc0000005) at pc=0x00007ff8ac535c97]

VM state:not at safepoint (not fully initialized)

VM Mutex/Monitor currently owned by a thread:  ([mutex/lock_event])
[0x0000019794e2b8e0] Heap_lock - owner thread: 0x0000019794e2e000

Heap address: 0x00000000c1400000, size: 1004 MB, Compressed Oops mode: Non-zero based: 0x00000000c1400000
Narrow klass base: 0x0000000000000000, Narrow klass shift: 0

GC Heap History (0 events):
No events

Deoptimization events (0 events):
No events

Classes redefined (0 events):
No events

Internal exceptions (0 events):
No events

Events (1 events):
Event: 0.014 Loaded shared library C:\Program Files\JetBrains\IntelliJ IDEA Community Edition 2021.3.2\jbr\bin\zip.dll


Dynamic libraries:
0x00007ff76e100000 - 0x00007ff76e10a000 	C:\Program Files\JetBrains\IntelliJ IDEA Community Edition 2021.3.2\jbr\bin\java.exe
0x00007ff8f3ad0000 - 0x00007ff8f3cc8000 	C:\WINDOWS\SYSTEM32\ntdll.dll
0x00007ff8f2d50000 - 0x00007ff8f2e0d000 	C:\WINDOWS\System32\KERNEL32.DLL
0x00007ff8f11f0000 - 0x00007ff8f14be000 	C:\WINDOWS\System32\KERNELBASE.dll
0x00007ff8f1660000 - 0x00007ff8f1760000 	C:\WINDOWS\System32\ucrtbase.dll
0x00007ff8d6910000 - 0x00007ff8d6929000 	C:\Program Files\JetBrains\IntelliJ IDEA Community Edition 2021.3.2\jbr\bin\jli.dll
0x00007ff8d6880000 - 0x00007ff8d6897000 	C:\Program Files\JetBrains\IntelliJ IDEA Community Edition 2021.3.2\jbr\bin\VCRUNTIME140.dll
0x00007ff8f38f0000 - 0x00007ff8f3a90000 	C:\WINDOWS\System32\USER32.dll
0x00007ff8f1760000 - 0x00007ff8f1782000 	C:\WINDOWS\System32\win32u.dll
0x00007ff8f1c60000 - 0x00007ff8f1c8a000 	C:\WINDOWS\System32\GDI32.dll
0x00007ff8e00b0000 - 0x00007ff8e034a000 	C:\WINDOWS\WinSxS\amd64_microsoft.windows.common-controls_6595b64144ccf1df_6.0.19041.1110_none_60b5254171f9507e\COMCTL32.dll
0x00007ff8f1550000 - 0x00007ff8f165b000 	C:\WINDOWS\System32\gdi32full.dll
0x00007ff8f1b60000 - 0x00007ff8f1bfe000 	C:\WINDOWS\System32\msvcrt.dll
0x00007ff8f1a20000 - 0x00007ff8f1abd000 	C:\WINDOWS\System32\msvcp_win.dll
0x00007ff8f1b30000 - 0x00007ff8f1b60000 	C:\WINDOWS\System32\IMM32.DLL
0x00007ff8c9790000 - 0x00007ff8c982d000 	C:\Program Files\JetBrains\IntelliJ IDEA Community Edition 2021.3.2\jbr\bin\msvcp140.dll
0x00007ff8ac240000 - 0x00007ff8acdb6000 	C:\Program Files\JetBrains\IntelliJ IDEA Community Edition 2021.3.2\jbr\bin\server\jvm.dll
0x00007ff8f2830000 - 0x00007ff8f28de000 	C:\WINDOWS\System32\ADVAPI32.dll
0x00007ff8f2ec0000 - 0x00007ff8f2f5c000 	C:\WINDOWS\System32\sechost.dll
0x00007ff8f2f60000 - 0x00007ff8f3085000 	C:\WINDOWS\System32\RPCRT4.dll
0x00007ff8f1c90000 - 0x00007ff8f1c98000 	C:\WINDOWS\System32\PSAPI.DLL
0x00007ff8da010000 - 0x00007ff8da019000 	C:\WINDOWS\SYSTEM32\WSOCK32.dll
0x00007ff8e1d00000 - 0x00007ff8e1d27000 	C:\WINDOWS\SYSTEM32\WINMM.dll
0x00007ff8f30f0000 - 0x00007ff8f315b000 	C:\WINDOWS\System32\WS2_32.dll
0x00007ff8e5380000 - 0x00007ff8e538a000 	C:\WINDOWS\SYSTEM32\VERSION.dll
0x00007ff8ef180000 - 0x00007ff8ef192000 	C:\WINDOWS\SYSTEM32\kernel.appcore.dll
0x00007ff8d3970000 - 0x00007ff8d3981000 	C:\Program Files\JetBrains\IntelliJ IDEA Community Edition 2021.3.2\jbr\bin\verify.dll
0x00007ff8e2fe0000 - 0x00007ff8e31c4000 	C:\WINDOWS\SYSTEM32\DBGHELP.DLL
0x00007ff8e2ee0000 - 0x00007ff8e2f0c000 	C:\WINDOWS\SYSTEM32\dbgcore.DLL
0x00007ff8f14c0000 - 0x00007ff8f1542000 	C:\WINDOWS\System32\bcryptPrimitives.dll
0x00007ff8c5590000 - 0x00007ff8c55b9000 	C:\Program Files\JetBrains\IntelliJ IDEA Community Edition 2021.3.2\jbr\bin\java.dll
0x00007ff8d9e60000 - 0x00007ff8d9e6b000 	C:\Program Files\JetBrains\IntelliJ IDEA Community Edition 2021.3.2\jbr\bin\jimage.dll
0x00007ff8ac220000 - 0x00007ff8ac238000 	C:\Program Files\JetBrains\IntelliJ IDEA Community Edition 2021.3.2\jbr\bin\zip.dll

dbghelp: loaded successfully - version: 4.0.5 - missing functions: none
symbol engine: initialized successfully - sym options: 0x614 - pdb path: .;C:\Program Files\JetBrains\IntelliJ IDEA Community Edition 2021.3.2\jbr\bin;C:\WINDOWS\SYSTEM32;C:\WINDOWS\WinSxS\amd64_microsoft.windows.common-controls_6595b64144ccf1df_6.0.19041.1110_none_60b5254171f9507e;C:\Program Files\JetBrains\IntelliJ IDEA Community Edition 2021.3.2\jbr\bin\server

VM Arguments:
java_command: git4idea.http.GitAskPassApp Username for 'https://github.com': 
java_class_path (initial): C:/Program Files/JetBrains/IntelliJ IDEA Community Edition 2021.3.2/plugins/git4idea/lib/git4idea-rt.jar;C:/Program Files/JetBrains/IntelliJ IDEA Community Edition 2021.3.2/lib/3rd-party.jar;C:/Program Files/JetBrains/IntelliJ IDEA Community Edition 2021.3.2/lib/3rd-party-rt.jar
Launcher Type: SUN_STANDARD

[Global flags]
     intx CICompilerCount                          = 3                                         {product} {ergonomic}
     uint ConcGCThreads                            = 1                                         {product} {ergonomic}
     uint G1ConcRefinementThreads                  = 4                                         {product} {ergonomic}
   size_t G1HeapRegionSize                         = 1048576                                   {product} {ergonomic}
    uintx GCDrainStackTargetSize                   = 64                                        {product} {ergonomic}
   size_t InitialHeapSize                          = 67108864                                  {product} {ergonomic}
   size_t MarkStackSize                            = 4194304                                   {product} {ergonomic}
   size_t MaxHeapSize                              = 1052770304                                {product} {ergonomic}
   size_t MinHeapDeltaBytes                        = 1048576                                   {product} {ergonomic}
    uintx NonNMethodCodeHeapSize                   = 5830732                                {pd product} {ergonomic}
    uintx NonProfiledCodeHeapSize                  = 122913754                              {pd product} {ergonomic}
    uintx ProfiledCodeHeapSize                     = 122913754                              {pd product} {ergonomic}
    uintx ReservedCodeCacheSize                    = 251658240                              {pd product} {ergonomic}
     bool SegmentedCodeCache                       = true                                      {product} {ergonomic}
     bool UseCompressedClassPointers               = true                                 {lp64_product} {ergonomic}
     bool UseCompressedOops                        = true                                 {lp64_product} {ergonomic}
     bool UseG1GC                                  = true                                      {product} {ergonomic}
     bool UseLargePagesIndividualAllocation        = false                                  {pd product} {ergonomic}

Logging:
Log output configuration:
 #0: stdout all=warning uptime,level,tags
 #1: stderr all=off uptime,level,tags

Environment Variables:
PATH=C:\Users\64211\Desktop\Git\mingw64\libexec\git-core;C:\Users\64211\Desktop\Git\mingw64\libexec\git-core;C:\Users\64211\Desktop\Git\mingw64\bin;C:\Users\64211\Desktop\Git\usr\bin;C:\Users\64211\bin;C:\Program Files\Eclipse Adoptium\jdk-11.0.14.101-hotspot\bin;C:\Program Files (x86)\Common Files\Oracle\Java\javapath;C:\WINDOWS\system32;C:\WINDOWS;C:\WINDOWS\System32\Wbem;C:\WINDOWS\System32\WindowsPowerShell\v1.0;C:\WINDOWS\System32\OpenSSH;C:\MinGW\mingw64\bin;C:\MinGW\mingw64\x86_64-w64-;C:\Program Files (x86)\Brackets\command;C:\Users\64211\Desktop\Git\cmd;C:\Program Files\nodejs;C:\Program Files\MongoDB\Server\5.0\bin;C:\xampp\php;C:\Ruby31-x64\bin;C:\Program Files (x86)\Vim\vim82;C:\Users\64211\AppData\Local\Programs\Python\Python39-32;C:\Users\64211\AppData\Local\Programs\Python\Launcher;C:\Users\64211\AppData\Local\Programs\Python\Python310\Scripts;C:\Users\64211\AppData\Local\Programs\Python\Python310;C:\Users\64211\AppData\Local\Microsoft\WindowsApps;C:\Users\64211\Desktop\Microsoft VS Code\bin;C:\Users\64211\AppData\Local\atom\bin;C:\Users\64211\AppData\Roaming\npm;C:\Users\64211\AppData\Local\Programs\mongosh;C:\ghcup\bin;C:\Program Files\apache-maven-3.8.6\bin
USERNAME=64211
DISPLAY=:0.0
LC_ALL=en_US.UTF-8
OS=Windows_NT
PROCESSOR_IDENTIFIER=Intel64 Family 6 Model 61 Stepping 4, GenuineIntel



---------------  S Y S T E M  ---------------

OS: Windows 10 , 64 bit Build 19041 (10.0.19041.1806)
OS uptime: 3 days 14:08 hours

CPU:total 4 (initial active 4) (2 cores per cpu, 2 threads per core) family 6 model 61 stepping 4 microcode 0x2d, cmov, cx8, fxsr, mmx, sse, sse2, sse3, ssse3, sse4.1, sse4.2, popcnt, avx, avx2, aes, clmul, erms, 3dnowpref, lzcnt, ht, tsc, tscinvbit, bmi1, bmi2, adx, fma

Memory: 4k page, system-wide physical 4011M (372M free)
TotalPageFile size 16299M (AvailPageFile size 58M)
current process WorkingSet (physical memory assigned to process): 9M, peak: 9M
current process commit charge ("private bytes"): 51M, peak: 115M

vm_info: OpenJDK 64-Bit Server VM (11.0.13+7-b1751.25) for windows-amd64 JRE (11.0.13+7-b1751.25), built on Jan 13 2022 20:47:27 by "" with MS VC++ 14.0 (VS2015)

END.
